\BOOKMARK [1][-]{section.1}{Introdu\347\343o}{}% 1
\BOOKMARK [2][-]{subsection.1.1}{Especifica\347\343o da Linguagem T++}{section.1}% 2
\BOOKMARK [1][-]{section.2}{Especifica\347\343o formal dos Aut\364matos para as classes de token da linguagem}{}% 3
\BOOKMARK [2][-]{subsection.2.1}{Aut\364mato para tratar d\355gitos}{section.2}% 4
\BOOKMARK [2][-]{subsection.2.2}{Aut\364mato para tratar n\372meros}{section.2}% 5
\BOOKMARK [2][-]{subsection.2.3}{Aut\364mato para tratar operadores l\363gicos, relacionais e de atribui\347\343o}{section.2}% 6
\BOOKMARK [2][-]{subsection.2.4}{Aut\364mato para tratar operadores aritim\351ticos}{section.2}% 7
\BOOKMARK [1][-]{section.3}{Implementa\347\343o do Analisador L\351xico}{}% 8
\BOOKMARK [2][-]{subsection.3.1}{Lexer.py}{section.3}% 9
\BOOKMARK [3][-]{subsubsection.3.1.1}{Fun\347\365es do Lexer}{subsection.3.1}% 10
\BOOKMARK [1][-]{section.4}{Execu\347\343o}{}% 11
\BOOKMARK [2][-]{subsection.4.1}{Exemplo}{section.4}% 12
\BOOKMARK [1][-]{section.5}{Analisador Sint\341tico}{}% 13
\BOOKMARK [2][-]{subsection.5.1}{Gram\341ticas Livres de Contexo}{section.5}% 14
\BOOKMARK [2][-]{subsection.5.2}{Formato da An\341lise sint\341tica LALR\(1\)}{section.5}% 15
\BOOKMARK [2][-]{subsection.5.3}{Implementa\347\343o e Yacc}{section.5}% 16
\BOOKMARK [2][-]{subsection.5.4}{Implementa\347\343o da \301rvore Sint\341tica}{section.5}% 17
\BOOKMARK [2][-]{subsection.5.5}{Exemplo de sa\355da \(\341rvore sint\341tica\)}{section.5}% 18
\BOOKMARK [1][-]{section.6}{An\341lise Sem\342ntica}{}% 19
\BOOKMARK [1][-]{section.7}{Exemplo de utiliza\347\343o}{}% 20
